client/android/app/build/intermediates/manifest_merge_blame_file/debug/processDebugMainManifest/manifest-merger-blame-debug-report.txt
1<?xml version="1.0" encoding="utf-8"?>
2<manifest xmlns:android="http://schemas.android.com/apk/res/android"
3    package="one.voidmafia.app"
4    android:versionCode="1"
5    android:versionName="1.0" >
6
7    <uses-sdk
8        android:minSdkVersion="24"
9        android:targetSdkVersion="36" />
10
11    <!-- Core network -->
12    <uses-permission android:name="android.permission.INTERNET" />
12-->src/main/AndroidManifest.xml:41:5-67
12-->src/main/AndroidManifest.xml:41:22-64
13    <uses-permission android:name="android.permission.ACCESS_NETWORK_STATE" />
13-->src/main/AndroidManifest.xml:42:5-79
13-->src/main/AndroidManifest.xml:42:22-76
14    <uses-permission android:name="android.permission.ACCESS_WIFI_STATE" />
14-->src/main/AndroidManifest.xml:43:5-76
14-->src/main/AndroidManifest.xml:43:22-73
15    <uses-permission android:name="android.permission.CHANGE_NETWORK_STATE" />
15-->src/main/AndroidManifest.xml:44:5-79
15-->src/main/AndroidManifest.xml:44:22-76
16
17    <!-- Microphone — required for WebRTC voice chat -->
18    <uses-permission android:name="android.permission.RECORD_AUDIO" />
18-->src/main/AndroidManifest.xml:47:5-71
18-->src/main/AndroidManifest.xml:47:22-68
19    <uses-permission android:name="android.permission.MODIFY_AUDIO_SETTINGS" />
19-->src/main/AndroidManifest.xml:48:5-80
19-->src/main/AndroidManifest.xml:48:22-77
20
21    <!-- Camera — required for WebRTC video -->
22    <uses-permission android:name="android.permission.CAMERA" />
22-->src/main/AndroidManifest.xml:51:5-65
22-->src/main/AndroidManifest.xml:51:22-62
23
24    <!-- Bluetooth audio output (headsets) -->
25    <uses-permission android:name="android.permission.BLUETOOTH" />
25-->src/main/AndroidManifest.xml:54:5-68
25-->src/main/AndroidManifest.xml:54:22-65
26    <uses-permission android:name="android.permission.BLUETOOTH_CONNECT" />
26-->src/main/AndroidManifest.xml:55:5-76
26-->src/main/AndroidManifest.xml:55:22-73
27
28    <!-- Feature declarations (not required, app still installs without them) -->
29    <uses-feature
29-->src/main/AndroidManifest.xml:58:5-89
30        android:name="android.hardware.microphone"
30-->src/main/AndroidManifest.xml:58:19-61
31        android:required="false" />
31-->src/main/AndroidManifest.xml:58:62-86
32    <uses-feature
32-->src/main/AndroidManifest.xml:59:5-85
33        android:name="android.hardware.camera"
33-->src/main/AndroidManifest.xml:59:19-57
34        android:required="false" />
34-->src/main/AndroidManifest.xml:59:58-82
35    <uses-feature
35-->src/main/AndroidManifest.xml:60:5-91
36        android:name="android.hardware.camera.front"
36-->src/main/AndroidManifest.xml:60:19-63
37        android:required="false" />
37-->src/main/AndroidManifest.xml:60:64-88
38
39    <permission
39-->[androidx.core:core:1.17.0] AndroidManifest.xml:22:5-24:47
40        android:name="one.voidmafia.app.DYNAMIC_RECEIVER_NOT_EXPORTED_PERMISSION"
40-->[androidx.core:core:1.17.0] AndroidManifest.xml:23:9-81
41        android:protectionLevel="signature" />
41-->[androidx.core:core:1.17.0] AndroidManifest.xml:24:9-44
42
43    <uses-permission android:name="one.voidmafia.app.DYNAMIC_RECEIVER_NOT_EXPORTED_PERMISSION" />
43-->[androidx.core:core:1.17.0] AndroidManifest.xml:26:5-97
43-->[androidx.core:core:1.17.0] AndroidManifest.xml:26:22-94
44
45    <application
45-->src/main/AndroidManifest.xml:4:5-38:19
46        android:allowBackup="true"
46-->src/main/AndroidManifest.xml:5:9-35
47        android:appComponentFactory="androidx.core.app.CoreComponentFactory"
47-->[androidx.core:core:1.17.0] AndroidManifest.xml:28:18-86
48        android:debuggable="true"
49        android:extractNativeLibs="false"
50        android:hardwareAccelerated="true"
50-->src/main/AndroidManifest.xml:10:9-43
51        android:icon="@mipmap/ic_launcher"
51-->src/main/AndroidManifest.xml:6:9-43
52        android:label="@string/app_name"
52-->src/main/AndroidManifest.xml:7:9-41
53        android:networkSecurityConfig="@xml/network_security_config"
53-->src/main/AndroidManifest.xml:11:9-69
54        android:roundIcon="@mipmap/ic_launcher_round"
54-->src/main/AndroidManifest.xml:8:9-54
55        android:supportsRtl="true"
55-->src/main/AndroidManifest.xml:9:9-35
56        android:theme="@style/AppTheme" >
56-->src/main/AndroidManifest.xml:12:9-40
57        <activity
57-->src/main/AndroidManifest.xml:14:9-27:20
58            android:name="one.voidmafia.app.MainActivity"
58-->src/main/AndroidManifest.xml:16:13-41
59            android:configChanges="orientation|keyboardHidden|keyboard|screenSize|locale|smallestScreenSize|screenLayout|uiMode|navigation|density"
59-->src/main/AndroidManifest.xml:15:13-148
60            android:exported="true"
60-->src/main/AndroidManifest.xml:20:13-36
61            android:label="@string/title_activity_main"
61-->src/main/AndroidManifest.xml:17:13-56
62            android:launchMode="singleTask"
62-->src/main/AndroidManifest.xml:19:13-44
63            android:theme="@style/AppTheme.NoActionBarLaunch" >
63-->src/main/AndroidManifest.xml:18:13-62
64            <intent-filter>
64-->src/main/AndroidManifest.xml:22:13-25:29
65                <action android:name="android.intent.action.MAIN" />
65-->src/main/AndroidManifest.xml:23:17-69
65-->src/main/AndroidManifest.xml:23:25-66
66
67                <category android:name="android.intent.category.LAUNCHER" />
67-->src/main/AndroidManifest.xml:24:17-77
67-->src/main/AndroidManifest.xml:24:27-74
68            </intent-filter>
69        </activity>
70
71        <provider
72            android:name="androidx.core.content.FileProvider"
72-->src/main/AndroidManifest.xml:30:13-62
73            android:authorities="one.voidmafia.app.fileprovider"
73-->src/main/AndroidManifest.xml:31:13-64
74            android:exported="false"
74-->src/main/AndroidManifest.xml:32:13-37
75            android:grantUriPermissions="true" >
75-->src/main/AndroidManifest.xml:33:13-47
76            <meta-data
76-->src/main/AndroidManifest.xml:34:13-36:64
77                android:name="android.support.FILE_PROVIDER_PATHS"
77-->src/main/AndroidManifest.xml:35:17-67
78                android:resource="@xml/file_paths" />
78-->src/main/AndroidManifest.xml:36:17-51
79        </provider>
80        <provider
80-->[androidx.emoji2:emoji2:1.3.0] AndroidManifest.xml:24:9-32:20
81            android:name="androidx.startup.InitializationProvider"
81-->[androidx.emoji2:emoji2:1.3.0] AndroidManifest.xml:25:13-67
82            android:authorities="one.voidmafia.app.androidx-startup"
82-->[androidx.emoji2:emoji2:1.3.0] AndroidManifest.xml:26:13-68
83            android:exported="false" >
83-->[androidx.emoji2:emoji2:1.3.0] AndroidManifest.xml:27:13-37
84            <meta-data
84-->[androidx.emoji2:emoji2:1.3.0] AndroidManifest.xml:29:13-31:52
85                android:name="androidx.emoji2.text.EmojiCompatInitializer"
85-->[androidx.emoji2:emoji2:1.3.0] AndroidManifest.xml:30:17-75
86                android:value="androidx.startup" />
86-->[androidx.emoji2:emoji2:1.3.0] AndroidManifest.xml:31:17-49
87            <meta-data
87-->[androidx.lifecycle:lifecycle-process:2.6.2] AndroidManifest.xml:29:13-31:52
88                android:name="androidx.lifecycle.ProcessLifecycleInitializer"
88-->[androidx.lifecycle:lifecycle-process:2.6.2] AndroidManifest.xml:30:17-78
89                android:value="androidx.startup" />
89-->[androidx.lifecycle:lifecycle-process:2.6.2] AndroidManifest.xml:31:17-49
90            <meta-data
90-->[androidx.profileinstaller:profileinstaller:1.4.0] AndroidManifest.xml:29:13-31:52
91                android:name="androidx.profileinstaller.ProfileInstallerInitializer"
91-->[androidx.profileinstaller:profileinstaller:1.4.0] AndroidManifest.xml:30:17-85
92                android:value="androidx.startup" />
92-->[androidx.profileinstaller:profileinstaller:1.4.0] AndroidManifest.xml:31:17-49
93        </provider>
94
95        <receiver
95-->[androidx.profileinstaller:profileinstaller:1.4.0] AndroidManifest.xml:34:9-52:20
96            android:name="androidx.profileinstaller.ProfileInstallReceiver"
96-->[androidx.profileinstaller:profileinstaller:1.4.0] AndroidManifest.xml:35:13-76
97            android:directBootAware="false"
97-->[androidx.profileinstaller:profileinstaller:1.4.0] AndroidManifest.xml:36:13-44
98            android:enabled="true"
98-->[androidx.profileinstaller:profileinstaller:1.4.0] AndroidManifest.xml:37:13-35
99            android:exported="true"
99-->[androidx.profileinstaller:profileinstaller:1.4.0] AndroidManifest.xml:38:13-36
100            android:permission="android.permission.DUMP" >
100-->[androidx.profileinstaller:profileinstaller:1.4.0] AndroidManifest.xml:39:13-57
101            <intent-filter>
101-->[androidx.profileinstaller:profileinstaller:1.4.0] AndroidManifest.xml:40:13-42:29
102                <action android:name="androidx.profileinstaller.action.INSTALL_PROFILE" />
102-->[androidx.profileinstaller:profileinstaller:1.4.0] AndroidManifest.xml:41:17-91
102-->[androidx.profileinstaller:profileinstaller:1.4.0] AndroidManifest.xml:41:25-88
103            </intent-filter>
104            <intent-filter>
104-->[androidx.profileinstaller:profileinstaller:1.4.0] AndroidManifest.xml:43:13-45:29
105                <action android:name="androidx.profileinstaller.action.SKIP_FILE" />
105-->[androidx.profileinstaller:profileinstaller:1.4.0] AndroidManifest.xml:44:17-85
105-->[androidx.profileinstaller:profileinstaller:1.4.0] AndroidManifest.xml:44:25-82
106            </intent-filter>
107            <intent-filter>
107-->[androidx.profileinstaller:profileinstaller:1.4.0] AndroidManifest.xml:46:13-48:29
108                <action android:name="androidx.profileinstaller.action.SAVE_PROFILE" />
108-->[androidx.profileinstaller:profileinstaller:1.4.0] AndroidManifest.xml:47:17-88
108-->[androidx.profileinstaller:profileinstaller:1.4.0] AndroidManifest.xml:47:25-85
109            </intent-filter>
110            <intent-filter>
110-->[androidx.profileinstaller:profileinstaller:1.4.0] AndroidManifest.xml:49:13-51:29
111                <action android:name="androidx.profileinstaller.action.BENCHMARK_OPERATION" />
111-->[androidx.profileinstaller:profileinstaller:1.4.0] AndroidManifest.xml:50:17-95
111-->[androidx.profileinstaller:profileinstaller:1.4.0] AndroidManifest.xml:50:25-92
112            </intent-filter>
113        </receiver>
114    </application>
115
116</manifest>